Content-Type: multipart/alternative;
 boundary="===============7876265929245564127=="
MIME-Version: 1.0
Subject: Restore password
From: test@example.com
To: tim@apple.com
Date: Mon, 29 Nov 2021 03:19:00 -0000
Message-ID: 
 <163815594061.496565.6641058878466032795@ip-172-31-24-191.us-east-2.compute.internal>

--===============7876265929245564127==
Content-Type: text/plain; charset="utf-8"
MIME-Version: 1.0
Content-Transfer-Encoding: 7bit



You received this email because you requested a password reset for your user account.

Please, go to the following page and choose a new password:

http://3.143.9.243:8000/accounts/restore/MzI/5w4-fd0c147b9d20912e484c/

--===============7876265929245564127==
Content-Type: text/html; charset="utf-8"
MIME-Version: 1.0
Content-Transfer-Encoding: 7bit



<!DOCTYPE html PUBLIC "-//W3C//DTD XHTML 1.0 Transitional//EN"
        "http://www.w3.org/TR/xhtml1/DTD/xhtml1-transitional.dtd">
<html xmlns="http://www.w3.org/1999/xhtml">
<head>
    <meta http-equiv="Content-Type" content="text/html; charset=UTF-8"/>
    <title>Restore password</title>
    <meta name="viewport" content="width=device-width, initial-scale=1.0"/>
</head>

<body>

<p>
    You received this email because you requested a password reset for your user account.
</p>

<p>
    Please, go to the following page and choose a new password:
</p>

<p>
    <a href="http://3.143.9.243:8000/accounts/restore/MzI/5w4-fd0c147b9d20912e484c/">http://3.143.9.243:8000/accounts/restore/MzI/5w4-fd0c147b9d20912e484c/</a>
</p>

</body>

</html>

--===============7876265929245564127==--

-------------------------------------------------------------------------------
